<?xml version="1.0" encoding="UTF-8" standalone="no"?><testsuite errors="2" failures="0" name="POST - add new user" skipped="0" tests="3" time="3.33" timestamp="2023-04-08 08:36:28"><testcase name="POST - as a user i want to add new user with valid query parameter"><error message="A JSON Object can not directly nest another JSON Object or JSON Array. at 136 [character 137 line 1]" type="org.json.JSONException">A JSON Object can not directly nest another JSON Object or JSON Array. at 136 [character 137 line 1]</error><system-err>A JSON Object can not directly nest another JSON Object or JSON Array. at 136 [character 137 line 1]&#13;
org.json.JSONTokener.syntaxError(JSONTokener.java:501)&#13;
org.json.JSONObject.&lt;init&gt;(JSONObject.java:221)&#13;
org.json.JSONTokener.nextValue(JSONTokener.java:418)&#13;
org.json.JSONObject.&lt;init&gt;(JSONObject.java:245)&#13;
org.json.JSONObject.&lt;init&gt;(JSONObject.java:404)&#13;
starter.User.POST_a_new_user.sendPOSTHTTPRequestForNewUser(POST_a_new_user.java:36)&#13;
starter.stepdefinitions.POST_a_new_userSteps.userSendPOSTHTTPRequestForNewUser(POST_a_new_userSteps.java:20)&#13;
io.cucumber.java.Invoker.doInvoke(Invoker.java:66)&#13;
io.cucumber.java.Invoker.invoke(Invoker.java:24)&#13;
io.cucumber.java.AbstractGlueDefinition.invokeMethod(AbstractGlueDefinition.java:47)&#13;
io.cucumber.java.JavaStepDefinition.execute(JavaStepDefinition.java:29)&#13;
io.cucumber.core.runner.CoreStepDefinition.execute(CoreStepDefinition.java:66)&#13;
io.cucumber.core.runner.PickleStepDefinitionMatch.runStep(PickleStepDefinitionMatch.java:63)&#13;
io.cucumber.core.runner.TestStep.executeStep(TestStep.java:85)&#13;
io.cucumber.core.runner.TestStep.run(TestStep.java:57)&#13;
io.cucumber.core.runner.PickleStepTestStep.run(PickleStepTestStep.java:51)&#13;
io.cucumber.core.runner.TestCase.run(TestCase.java:84)&#13;
io.cucumber.core.runner.Runner.runPickle(Runner.java:75)&#13;
io.cucumber.core.runtime.CucumberExecutionContext.lambda$runTestCase$5(CucumberExecutionContext.java:129)&#13;
io.cucumber.core.runtime.RethrowingThrowableCollector.executeAndThrow(RethrowingThrowableCollector.java:23)&#13;
io.cucumber.core.runtime.CucumberExecutionContext.runTestCase(CucumberExecutionContext.java:129)&#13;
io.cucumber.junit.FeatureRunner.runChild(FeatureRunner.java:144)&#13;
io.cucumber.junit.FeatureRunner.runChild(FeatureRunner.java:28)&#13;
io.cucumber.junit.FeatureRunner.run(FeatureRunner.java:137)&#13;
io.cucumber.junit.CucumberSerenityRunner.runChild(CucumberSerenityRunner.java:259)&#13;
io.cucumber.junit.CucumberSerenityRunner.runChild(CucumberSerenityRunner.java:59)&#13;
</system-err></testcase><testcase name="POST - as a user i want to add new user with invalid query parameter"/><testcase name="POST - as a user i want to add new user"><error message="A JSON Object can not directly nest another JSON Object or JSON Array. at 136 [character 137 line 1]" type="org.json.JSONException">A JSON Object can not directly nest another JSON Object or JSON Array. at 136 [character 137 line 1]</error><system-err>A JSON Object can not directly nest another JSON Object or JSON Array. at 136 [character 137 line 1]&#13;
org.json.JSONTokener.syntaxError(JSONTokener.java:501)&#13;
org.json.JSONObject.&lt;init&gt;(JSONObject.java:221)&#13;
org.json.JSONTokener.nextValue(JSONTokener.java:418)&#13;
org.json.JSONObject.&lt;init&gt;(JSONObject.java:245)&#13;
org.json.JSONObject.&lt;init&gt;(JSONObject.java:404)&#13;
starter.User.POST_a_new_user.sendPOSTHTTPRequestForNewUser(POST_a_new_user.java:36)&#13;
starter.stepdefinitions.POST_a_new_userSteps.userSendPOSTHTTPRequestForNewUser(POST_a_new_userSteps.java:20)&#13;
io.cucumber.java.Invoker.doInvoke(Invoker.java:66)&#13;
io.cucumber.java.Invoker.invoke(Invoker.java:24)&#13;
io.cucumber.java.AbstractGlueDefinition.invokeMethod(AbstractGlueDefinition.java:47)&#13;
io.cucumber.java.JavaStepDefinition.execute(JavaStepDefinition.java:29)&#13;
io.cucumber.core.runner.CoreStepDefinition.execute(CoreStepDefinition.java:66)&#13;
io.cucumber.core.runner.PickleStepDefinitionMatch.runStep(PickleStepDefinitionMatch.java:63)&#13;
io.cucumber.core.runner.TestStep.executeStep(TestStep.java:85)&#13;
io.cucumber.core.runner.TestStep.run(TestStep.java:57)&#13;
io.cucumber.core.runner.PickleStepTestStep.run(PickleStepTestStep.java:51)&#13;
io.cucumber.core.runner.TestCase.run(TestCase.java:84)&#13;
io.cucumber.core.runner.Runner.runPickle(Runner.java:75)&#13;
io.cucumber.core.runtime.CucumberExecutionContext.lambda$runTestCase$5(CucumberExecutionContext.java:129)&#13;
io.cucumber.core.runtime.RethrowingThrowableCollector.executeAndThrow(RethrowingThrowableCollector.java:23)&#13;
io.cucumber.core.runtime.CucumberExecutionContext.runTestCase(CucumberExecutionContext.java:129)&#13;
io.cucumber.junit.FeatureRunner.runChild(FeatureRunner.java:144)&#13;
io.cucumber.junit.FeatureRunner.runChild(FeatureRunner.java:28)&#13;
io.cucumber.junit.FeatureRunner.run(FeatureRunner.java:137)&#13;
io.cucumber.junit.CucumberSerenityRunner.runChild(CucumberSerenityRunner.java:259)&#13;
io.cucumber.junit.CucumberSerenityRunner.runChild(CucumberSerenityRunner.java:59)&#13;
</system-err></testcase></testsuite>