<?xml version="1.0" encoding="UTF-8"?>
<testsuite xmlns:xsi="http://www.w3.org/2001/XMLSchema-instance" xsi:noNamespaceSchemaLocation="https://maven.apache.org/surefire/maven-failsafe-plugin/xsd/failsafe-test-report-3.0.xsd" version="3.0" name="starter.CucumberTestSuite" time="6.608" tests="3" errors="2" skipped="0" failures="0">
  <properties>
[...]
</properties>
  <testcase name="POST - as a user i want to add new user with valid query parameter" classname="POST - add new user" time="0.762">
    <error type="org.json.JSONException"><![CDATA[org.json.JSONException: A JSON Object can not directly nest another JSON Object or JSON Array. at 136 [character 137 line 1]
]]></error>
    <system-out><![CDATA[20:36:28.283 [main] DEBUG net.thucydides.core.guice.Injectors - Created injector for module net.thucydides.core.guice.ThucydidesModule
20:36:28.450 [main] INFO io.cucumber.core.plugin.SerenityReporter - Running feature from file:///C:/Users/asus/IdeaProjects/coba-lagi/src/test/resources/api/POST_a_new_user.feature
20:36:28.450 [main] WARN io.cucumber.core.plugin.SerenityReporter - Feature from file:///C:/Users/asus/IdeaProjects/coba-lagi/src/test/resources/api/POST_a_new_user.feature is not under the 'features' directory. Requirements report will not be correctly generated!
20:36:28.571 [main] DEBUG net.thucydides.core.guice.Injectors - Created injector for module net.thucydides.core.guice.webdriver.WebDriverModule
20:36:28.582 [main] INFO  - 

-------------------------------------------------------------------------------------
     _______. _______ .______       _______ .__   __.  __  .___________.____    ____ 
    /       ||   ____||   _  \     |   ____||  \ |  | |  | |           |\   \  /   / 
   |   (----`|  |__   |  |_)  |    |  |__   |   \|  | |  | `---|  |----` \   \/   /  
    \   \    |   __|  |      /     |   __|  |  . `  | |  |     |  |       \_    _/   
.----)   |   |  |____ |  |\  \----.|  |____ |  |\   | |  |     |  |         |  |     
|_______/    |_______|| _| `._____||_______||__| \__| |__|     |__|         |__|    
                                                                                     
 News and tutorials at http://www.serenity-bdd.info                                  
 Documentation at https://wakaleo.gitbooks.io/the-serenity-book/content/             
 Join the Serenity Community on Gitter: https://gitter.im/serenity-bdd/serenity-core 
 Serenity BDD Support and Training at http://serenity-bdd.info/#/trainingandsupport  
-------------------------------------------------------------------------------------

20:36:28.584 [main] DEBUG net.thucydides.core.steps.StepEventBus - Test suite started for story net.thucydides.core.model.Story@d940e410
20:36:28.585 [main] INFO  - Test Suite Started: POST - add new user
20:36:28.600 [main] INFO io.cucumber.core.plugin.SerenityReporter - Running feature from file:///C:/Users/asus/IdeaProjects/coba-lagi/src/test/resources/api/POST_a_new_user.feature
20:36:28.600 [main] WARN io.cucumber.core.plugin.SerenityReporter - Feature from file:///C:/Users/asus/IdeaProjects/coba-lagi/src/test/resources/api/POST_a_new_user.feature is not under the 'features' directory. Requirements report will not be correctly generated!
20:36:28.601 [main] DEBUG net.thucydides.core.steps.StepEventBus - Test suite started for story net.thucydides.core.model.Story@d940e410
20:36:28.602 [main] INFO  - Test Suite Started: POST - add new user

@POST_add_new_user_with_valid_query_parameter
Scenario: POST - as a user i want to add new user with valid query parameter &amp#27;[90m# src/test/resources/api/POST_a_new_user.feature:7&amp#27;[0m
20:36:28.688 [main] INFO io.cucumber.core.plugin.SerenityReporter - Running feature from file:///C:/Users/asus/IdeaProjects/coba-lagi/src/test/resources/api/POST_a_new_user.feature
20:36:28.688 [main] WARN io.cucumber.core.plugin.SerenityReporter - Feature from file:///C:/Users/asus/IdeaProjects/coba-lagi/src/test/resources/api/POST_a_new_user.feature is not under the 'features' directory. Requirements report will not be correctly generated!
20:36:28.813 [main] INFO  - 
  _____   ___   ___   _____     ___   _____     _     ___   _____   ___   ___  
 |_   _| | __| / __| |_   _|   / __| |_   _|   /_\   | _ \ |_   _| | __| |   \ 
   | |   | _|  \__ \   | |     \__ \   | |    / _ \  |   /   | |   | _|  | |) |
   |_|   |___| |___/   |_|     |___/   |_|   /_/ \_\ |_|_\   |_|   |___| |___/ 

POST - as a user i want to add new user with valid query parameter(post---add-new-user;post---as-a-user-i-want-to-add-new-user-with-valid-query-parameter)
--------------------------------------------------------------------------------
20:36:29.248 [main] DEBUG net.thucydides.core.steps.StepInterceptor - STARTING STEP: POST_a_new_userSteps.userSetPOSTEndpointForNewUser - user set POST endpoint for new user
20:36:29.253 [main] DEBUG net.thucydides.core.steps.StepInterceptor - STEP DONE: user set POST endpoint for new user
  &amp#27;[32mGiven &amp#27;[0m&amp#27;[32muser set POST endpoint for new user&amp#27;[0m                                  &amp#27;[90m# starter.stepdefinitions.POST_a_new_userSteps.userSetPOSTEndpointForNewUser()&amp#27;[0m
20:36:29.263 [main] DEBUG net.thucydides.core.steps.StepInterceptor - STARTING STEP: POST_a_new_userSteps.userSendPOSTHTTPRequestForNewUser - user send POST HTTP request for new user
  &amp#27;[31mWhen &amp#27;[0m&amp#27;[31muser send POST HTTP request for new user&amp#27;[0m                              &amp#27;[90m# starter.stepdefinitions.POST_a_new_userSteps.userSendPOSTHTTPRequestForNewUser()&amp#27;[0m
      &amp#27;[31morg.json.JSONException: A JSON Object can not directly nest another JSON Object or JSON Array. at 136 [character 137 line 1]
	at org.json.JSONTokener.syntaxError(JSONTokener.java:501)
	at org.json.JSONObject.<init>(JSONObject.java:221)
	at org.json.JSONTokener.nextValue(JSONTokener.java:418)
	at org.json.JSONObject.<init>(JSONObject.java:245)
	at org.json.JSONObject.<init>(JSONObject.java:404)
	at starter.User.POST_a_new_user.sendPOSTHTTPRequestForNewUser(POST_a_new_user.java:36)
	at starter.User.POST_a_new_user$ByteBuddy$59dGEEFp.sendPOSTHTTPRequestForNewUser$accessor$Pl4AKNYP(Unknown Source)
	at sun.reflect.NativeMethodAccessorImpl.invoke0(Native Method)
	at sun.reflect.NativeMethodAccessorImpl.invoke(NativeMethodAccessorImpl.java:62)
	at sun.reflect.DelegatingMethodAccessorImpl.invoke(DelegatingMethodAccessorImpl.java:43)
	at java.lang.reflect.Method.invoke(Method.java:498)
	at net.thucydides.core.steps.StepInterceptor.invokeMethod(StepInterceptor.java:503)
	at net.thucydides.core.steps.StepInterceptor.executeTestStepMethod(StepInterceptor.java:483)
	at net.thucydides.core.steps.StepInterceptor.runTestStep(StepInterceptor.java:457)
	at net.thucydides.core.steps.StepInterceptor.runOrSkipMethod(StepInterceptor.java:209)
	at net.thucydides.core.steps.StepInterceptor.testStepResult(StepInterceptor.java:196)
	at net.thucydides.core.steps.StepInterceptor.intercept(StepInterceptor.java:84)
	at net.thucydides.core.steps.ProxyConfiguration$InterceptorDispatcher.intercept(ProxyConfiguration.java:51)
	at starter.User.POST_a_new_user$ByteBuddy$59dGEEFp.sendPOSTHTTPRequestForNewUser(Unknown Source)
	at starter.stepdefinitions.POST_a_new_userSteps.userSendPOSTHTTPRequestForNewUser(POST_a_new_userSteps.java:20)
	at âœ½.user send POST HTTP request for new user(file:///C:/Users/asus/IdeaProjects/coba-lagi/src/test/resources/api/POST_a_new_user.feature:9)
&amp#27;[0m
  &amp#27;[36mThen &amp#27;[0m&amp#27;[36muser received HTTP response code &amp#27;[0m&amp#27;[36m&amp#27;[1m200&amp#27;[0m&amp#27;[36m for new user&amp#27;[0m                     &amp#27;[90m# starter.stepdefinitions.POST_a_new_userSteps.userReceivedHTTPResponseCodeForNewUser(int)&amp#27;[0m
20:36:29.298 [main] ERROR  - 
  _____   ___   ___   _____     ___   ___   ___    ___    ___ 
 |_   _| | __| / __| |_   _|   | __| | _ \ | _ \  / _ \  | _ \
   | |   | _|  \__ \   | |     | _|  |   / |   / | (_) | |   /
   |_|   |___| |___/   |_|     |___| |_|_\ |_|_\  \___/  |_|_\

POST - as a user i want to add new user with valid query parameter
---------------------------------------------------------------
20:36:29.300 [main] DEBUG  - RELATED ISSUES: 
20:36:29.360 [main] ERROR  -     Test failed at step: user send POST HTTP request for new user
20:36:29.361 [main] ERROR  -     A JSON Object can not directly nest another JSON Object or JSON Array. at 136 [character 137 line 1]
]]></system-out>
  </testcase>
  <testcase name="POST - as a user i want to add new user with invalid query parameter" classname="POST - add new user" time="2.769">
    <system-out><![CDATA[
@POST_add_new_user_with_invalid_query_parameter
Scenario: POST - as a user i want to add new user with invalid query parameter &amp#27;[90m# src/test/resources/api/POST_a_new_user.feature:13&amp#27;[0m
20:36:29.381 [main] INFO io.cucumber.core.plugin.SerenityReporter - Running feature from file:///C:/Users/asus/IdeaProjects/coba-lagi/src/test/resources/api/POST_a_new_user.feature
20:36:29.381 [main] WARN io.cucumber.core.plugin.SerenityReporter - Feature from file:///C:/Users/asus/IdeaProjects/coba-lagi/src/test/resources/api/POST_a_new_user.feature is not under the 'features' directory. Requirements report will not be correctly generated!
20:36:29.384 [main] INFO  - 
  _____   ___   ___   _____     ___   _____     _     ___   _____   ___   ___  
 |_   _| | __| / __| |_   _|   / __| |_   _|   /_\   | _ \ |_   _| | __| |   \ 
   | |   | _|  \__ \   | |     \__ \   | |    / _ \  |   /   | |   | _|  | |) |
   |_|   |___| |___/   |_|     |___/   |_|   /_/ \_\ |_|_\   |_|   |___| |___/ 

POST - as a user i want to add new user with invalid query parameter(post---add-new-user;post---as-a-user-i-want-to-add-new-user-with-invalid-query-parameter)
--------------------------------------------------------------------------------
20:36:29.399 [main] DEBUG net.thucydides.core.steps.StepInterceptor - STARTING STEP: POST_a_new_userSteps.userSetPOSTEndpointWithInvalidQueryParameterForNewUser - user set POST endpoint with invalid query parameter for new user
20:36:29.400 [main] DEBUG net.thucydides.core.steps.StepInterceptor - STEP DONE: user set POST endpoint with invalid query parameter for new user
  &amp#27;[32mGiven &amp#27;[0m&amp#27;[32muser set POST endpoint with invalid query parameter for new user&amp#27;[0m       &amp#27;[90m# starter.stepdefinitions.POST_a_new_userSteps.userSetPOSTEndpointWithInvalidQueryParameterForNewUser()&amp#27;[0m
20:36:29.403 [main] DEBUG net.thucydides.core.steps.StepInterceptor - STARTING STEP: POST_a_new_userSteps.userSendPOSTHTTPRequestWithInvalidQueryParameterForNewUser - user send POST HTTP request with invalid query parameter for new user
20:36:30.483 [main] DEBUG net.thucydides.core.steps.StepInterceptor - STARTING STEP: POST_a_new_user.sendPOSTHTTPRequestWithInvalidQueryParameterForNewUser - user set POST endpoint with invalid query parameter for new user
20:36:30.483 [main] DEBUG net.thucydides.core.steps.StepInterceptor - STEP DONE: user set POST endpoint with invalid query parameter for new user
20:36:31.124 [main] DEBUG org.apache.http.impl.conn.BasicClientConnectionManager - Get connection for route {s}->https://fakestoreapi.com:443
20:36:31.255 [main] DEBUG org.apache.http.impl.conn.DefaultClientConnectionOperator - Connecting to fakestoreapi.com:443
20:36:31.568 [main] DEBUG org.apache.http.client.protocol.RequestAddCookies - CookieSpec selected: ignoreCookies
20:36:31.568 [main] DEBUG org.apache.http.client.protocol.RequestAuthCache - Auth cache not set in the context
20:36:31.569 [main] DEBUG org.apache.http.client.protocol.RequestTargetAuthentication - Target auth state: UNCHALLENGED
20:36:31.569 [main] DEBUG org.apache.http.client.protocol.RequestProxyAuthentication - Proxy auth state: UNCHALLENGED
20:36:31.569 [main] DEBUG org.apache.http.impl.client.DefaultHttpClient - Attempt 1 to execute request
20:36:31.569 [main] DEBUG org.apache.http.impl.conn.DefaultClientConnection - Sending request: POST /%2F%2Fusers HTTP/1.1
20:36:31.569 [main] DEBUG org.apache.http.wire -  >> "POST /%2F%2Fusers HTTP/1.1[\r][\n]"
20:36:31.570 [main] DEBUG org.apache.http.wire -  >> "Accept: */*[\r][\n]"
20:36:31.570 [main] DEBUG org.apache.http.wire -  >> "Content-Type: application/json[\r][\n]"
20:36:31.570 [main] DEBUG org.apache.http.wire -  >> "Content-Length: 240[\r][\n]"
20:36:31.570 [main] DEBUG org.apache.http.wire -  >> "Host: fakestoreapi.com[\r][\n]"
20:36:31.570 [main] DEBUG org.apache.http.wire -  >> "Connection: Keep-Alive[\r][\n]"
20:36:31.570 [main] DEBUG org.apache.http.wire -  >> "User-Agent: Apache-HttpClient/4.5.13 (Java/1.8.0_361)[\r][\n]"
20:36:31.570 [main] DEBUG org.apache.http.wire -  >> "Accept-Encoding: gzip,deflate[\r][\n]"
20:36:31.570 [main] DEBUG org.apache.http.wire -  >> "[\r][\n]"
20:36:31.570 [main] DEBUG org.apache.http.headers - >> POST /%2F%2Fusers HTTP/1.1
20:36:31.570 [main] DEBUG org.apache.http.headers - >> Accept: */*
20:36:31.570 [main] DEBUG org.apache.http.headers - >> Content-Type: application/json
20:36:31.570 [main] DEBUG org.apache.http.headers - >> Content-Length: 240
20:36:31.570 [main] DEBUG org.apache.http.headers - >> Host: fakestoreapi.com
20:36:31.570 [main] DEBUG org.apache.http.headers - >> Connection: Keep-Alive
20:36:31.570 [main] DEBUG org.apache.http.headers - >> User-Agent: Apache-HttpClient/4.5.13 (Java/1.8.0_361)
20:36:31.570 [main] DEBUG org.apache.http.headers - >> Accept-Encoding: gzip,deflate
20:36:31.570 [main] DEBUG org.apache.http.wire -  >> "{"zipcode":"12926-3874","number":"3","password":"m38rmF$","firstname":"John","city":"kilcoole","phone":"1-570-236-7033","street":"7835 new road","email":"John@gmail.com","lat":"-37.3159","long":"81.1496","username":"johnd","lastname":"Doe"}"
20:36:31.913 [main] DEBUG org.apache.http.wire -  << "HTTP/1.1 404 Not Found[\r][\n]"
20:36:31.915 [main] DEBUG org.apache.http.wire -  << "Date: Sat, 08 Apr 2023 13:36:30 GMT[\r][\n]"
20:36:31.915 [main] DEBUG org.apache.http.wire -  << "Content-Type: text/html; charset=utf-8[\r][\n]"
20:36:31.915 [main] DEBUG org.apache.http.wire -  << "Transfer-Encoding: chunked[\r][\n]"
20:36:31.915 [main] DEBUG org.apache.http.wire -  << "Connection: keep-alive[\r][\n]"
20:36:31.915 [main] DEBUG org.apache.http.wire -  << "Access-Control-Allow-Origin: *[\r][\n]"
20:36:31.915 [main] DEBUG org.apache.http.wire -  << "Content-Security-Policy: default-src 'none'[\r][\n]"
20:36:31.915 [main] DEBUG org.apache.http.wire -  << "X-Content-Type-Options: nosniff[\r][\n]"
20:36:31.915 [main] DEBUG org.apache.http.wire -  << "X-Powered-By: Express[\r][\n]"
20:36:31.916 [main] DEBUG org.apache.http.wire -  << "CF-Cache-Status: DYNAMIC[\r][\n]"
20:36:31.916 [main] DEBUG org.apache.http.wire -  << "Report-To: {"endpoints":[{"url":"https:\/\/a.nel.cloudflare.com\/report\/v3?s=INhfG1t7DZyXNwl7MdhJ1raSnPj%2Ff6yPnOTILtOGbZV9GU%2FqAA6K0D2Ehk8YTblJcbNNAVD%2FQfdl1%2FRglx6c8EaHbG1bWZ5sV3XOWsvszr8Jn%2BtOrsKdSi9d2lrLyZO9dIkN"}],"group":"cf-nel","max_age":604800}[\r][\n]"
20:36:31.916 [main] DEBUG org.apache.http.wire -  << "NEL: {"success_fraction":0,"report_to":"cf-nel","max_age":604800}[\r][\n]"
20:36:31.916 [main] DEBUG org.apache.http.wire -  << "Server: cloudflare[\r][\n]"
20:36:31.916 [main] DEBUG org.apache.http.wire -  << "CF-RAY: 7b4ae64cab579fdd-SIN[\r][\n]"
20:36:31.916 [main] DEBUG org.apache.http.wire -  << "Content-Encoding: gzip[\r][\n]"
20:36:31.916 [main] DEBUG org.apache.http.wire -  << "alt-svc: h3=":443"; ma=86400, h3-29=":443"; ma=86400[\r][\n]"
20:36:31.916 [main] DEBUG org.apache.http.wire -  << "[\r][\n]"
20:36:31.917 [main] DEBUG org.apache.http.impl.conn.DefaultClientConnection - Receiving response: HTTP/1.1 404 Not Found
20:36:31.917 [main] DEBUG org.apache.http.headers - << HTTP/1.1 404 Not Found
20:36:31.917 [main] DEBUG org.apache.http.headers - << Date: Sat, 08 Apr 2023 13:36:30 GMT
20:36:31.917 [main] DEBUG org.apache.http.headers - << Content-Type: text/html; charset=utf-8
20:36:31.917 [main] DEBUG org.apache.http.headers - << Transfer-Encoding: chunked
20:36:31.917 [main] DEBUG org.apache.http.headers - << Connection: keep-alive
20:36:31.917 [main] DEBUG org.apache.http.headers - << Access-Control-Allow-Origin: *
20:36:31.917 [main] DEBUG org.apache.http.headers - << Content-Security-Policy: default-src 'none'
20:36:31.917 [main] DEBUG org.apache.http.headers - << X-Content-Type-Options: nosniff
20:36:31.917 [main] DEBUG org.apache.http.headers - << X-Powered-By: Express
20:36:31.917 [main] DEBUG org.apache.http.headers - << CF-Cache-Status: DYNAMIC
20:36:31.917 [main] DEBUG org.apache.http.headers - << Report-To: {"endpoints":[{"url":"https:\/\/a.nel.cloudflare.com\/report\/v3?s=INhfG1t7DZyXNwl7MdhJ1raSnPj%2Ff6yPnOTILtOGbZV9GU%2FqAA6K0D2Ehk8YTblJcbNNAVD%2FQfdl1%2FRglx6c8EaHbG1bWZ5sV3XOWsvszr8Jn%2BtOrsKdSi9d2lrLyZO9dIkN"}],"group":"cf-nel","max_age":604800}
20:36:31.917 [main] DEBUG org.apache.http.headers - << NEL: {"success_fraction":0,"report_to":"cf-nel","max_age":604800}
20:36:31.917 [main] DEBUG org.apache.http.headers - << Server: cloudflare
20:36:31.917 [main] DEBUG org.apache.http.headers - << CF-RAY: 7b4ae64cab579fdd-SIN
20:36:31.917 [main] DEBUG org.apache.http.headers - << Content-Encoding: gzip
20:36:31.917 [main] DEBUG org.apache.http.headers - << alt-svc: h3=":443"; ma=86400, h3-29=":443"; ma=86400
20:36:31.921 [main] DEBUG org.apache.http.impl.client.DefaultHttpClient - Connection can be kept alive indefinitely
20:36:31.927 [main] DEBUG io.restassured.internal.RestAssuredHttpBuilder - Parsing response as: text/html; charset=utf-8
20:36:31.927 [main] DEBUG org.apache.http.wire -  << "95[\r][\n]"
20:36:31.927 [main] DEBUG org.apache.http.wire -  << "[0x1f][0x8b][0x8][0x0][0x0][0x0][0x0][0x0][0x0][0x3],[0x8e][0xb1][0xe][0x83]0[0xc]DwE[0x1a][0x89][0xb1][0xb2][0xc4][0xd4][0xc1]d[0xa1][0xb0][0x82]T[0x96][0x8e]iqK[0xa5][0x90]T[0x8e][0x19][0xfa][0xf7]U[0x4][0xd3][0xe9][0xee][0xdd]IG[0xa7][0xeb][0xd0]N[0xf7][0xb1]3[0x8b][0xae][0xc1][0x1][0x15]1[0xc1][0xc7]wc9[0xda][0x12][0xb0][0x9f][0x1d][0xd0][0xca][0xea][0xcd]s[0xf1][0x92]Y[0x1b][0xbb][0xe9][0xeb]|)T?[0x1a][0xd8]u"I[0x8]w[0x3][0x84][0xc7][0xe6][0x91][0xe6][0x9f][0x3][0xfa][\n]"
20:36:31.927 [main] DEBUG org.apache.http.wire -  << "[0xbb][0xd6][0xc7][0x98][0xd4][0x8c][0xc3]m2X[0xd5]}U[0xf7][f[0xc9][0x84][0x85][0x2][0xe1][0xd1][0xc5][0xfd][0xc6][0x1f][0x0][0x0][0xff][0xff][0x3][0x0][0xed][0x86][0x83][0xc4][0x97][0x0][0x0][0x0]"
20:36:31.927 [main] DEBUG org.apache.http.wire -  << "[\r][\n]"
20:36:31.928 [main] DEBUG org.apache.http.wire -  << "0[\r][\n]"
20:36:31.928 [main] DEBUG org.apache.http.wire -  << "[\r][\n]"
20:36:31.928 [main] DEBUG io.restassured.internal.RestAssuredHttpBuilder - Parsed data to instance of: class org.apache.http.conn.EofSensorInputStream
20:36:31.954 [main] DEBUG org.apache.http.impl.conn.BasicClientConnectionManager - Releasing connection org.apache.http.impl.conn.ManagedClientConnectionImpl@2d7637e6
20:36:31.954 [main] DEBUG org.apache.http.impl.conn.BasicClientConnectionManager - Connection can be kept alive indefinitely
20:36:32.122 [main] DEBUG net.thucydides.core.steps.StepInterceptor - STEP DONE: user send POST HTTP request with invalid query parameter for new user
  &amp#27;[32mWhen &amp#27;[0m&amp#27;[32muser send POST HTTP request with invalid query parameter for new user&amp#27;[0m   &amp#27;[90m# starter.stepdefinitions.POST_a_new_userSteps.userSendPOSTHTTPRequestWithInvalidQueryParameterForNewUser()&amp#27;[0m
20:36:32.125 [main] DEBUG net.thucydides.core.steps.StepInterceptor - STARTING STEP: POST_a_new_userSteps.userReceivedPOSTHTTPResponseCodeForNewUser - user received POST HTTP response code 404 for new user
20:36:32.139 [main] DEBUG net.thucydides.core.steps.StepInterceptor - STEP DONE: user received POST HTTP response code 404 for new user
  &amp#27;[32mThen &amp#27;[0m&amp#27;[32muser received POST HTTP response code &amp#27;[0m&amp#27;[32m&amp#27;[1m404&amp#27;[0m&amp#27;[32m for new user&amp#27;[0m                  &amp#27;[90m# starter.stepdefinitions.POST_a_new_userSteps.userReceivedPOSTHTTPResponseCodeForNewUser(int)&amp#27;[0m
20:36:32.141 [main] INFO  - 
  _____   ___   ___   _____     ___     _     ___   ___   ___   ___  
 |_   _| | __| / __| |_   _|   | _ \   /_\   / __| / __| | __| |   \ 
   | |   | _|  \__ \   | |     |  _/  / _ \  \__ \ \__ \ | _|  | |) |
   |_|   |___| |___/   |_|     |_|   /_/ \_\ |___/ |___/ |___| |___/ 

POST - as a user i want to add new user with invalid query parameter
----------------------------------------------------------------------
]]></system-out>
  </testcase>
  <testcase name="POST - as a user i want to add new user" classname="POST - add new user" time="0.037">
    <error type="org.json.JSONException"><![CDATA[org.json.JSONException: A JSON Object can not directly nest another JSON Object or JSON Array. at 136 [character 137 line 1]
]]></error>
    <system-out><![CDATA[
@POST_add_new_user
Scenario: POST - as a user i want to add new user        &amp#27;[90m# src/test/resources/api/POST_a_new_user.feature:19&amp#27;[0m
20:36:32.150 [main] INFO io.cucumber.core.plugin.SerenityReporter - Running feature from file:///C:/Users/asus/IdeaProjects/coba-lagi/src/test/resources/api/POST_a_new_user.feature
20:36:32.150 [main] WARN io.cucumber.core.plugin.SerenityReporter - Feature from file:///C:/Users/asus/IdeaProjects/coba-lagi/src/test/resources/api/POST_a_new_user.feature is not under the 'features' directory. Requirements report will not be correctly generated!
20:36:32.153 [main] INFO  - 
  _____   ___   ___   _____     ___   _____     _     ___   _____   ___   ___  
 |_   _| | __| / __| |_   _|   / __| |_   _|   /_\   | _ \ |_   _| | __| |   \ 
   | |   | _|  \__ \   | |     \__ \   | |    / _ \  |   /   | |   | _|  | |) |
   |_|   |___| |___/   |_|     |___/   |_|   /_/ \_\ |_|_\   |_|   |___| |___/ 

POST - as a user i want to add new user(post---add-new-user;post---as-a-user-i-want-to-add-new-user)
--------------------------------------------------------------------------------
20:36:32.161 [main] DEBUG net.thucydides.core.steps.StepInterceptor - STARTING STEP: POST_a_new_userSteps.userSetPOSTEndpointForNewUser - user set POST endpoint for new user
20:36:32.161 [main] DEBUG net.thucydides.core.steps.StepInterceptor - STEP DONE: user set POST endpoint for new user
  &amp#27;[32mGiven &amp#27;[0m&amp#27;[32muser set POST endpoint for new user&amp#27;[0m              &amp#27;[90m# starter.stepdefinitions.POST_a_new_userSteps.userSetPOSTEndpointForNewUser()&amp#27;[0m
20:36:32.164 [main] DEBUG net.thucydides.core.steps.StepInterceptor - STARTING STEP: POST_a_new_userSteps.userSendPOSTHTTPRequestForNewUser - user send POST HTTP request for new user
  &amp#27;[31mWhen &amp#27;[0m&amp#27;[31muser send POST HTTP request for new user&amp#27;[0m          &amp#27;[90m# starter.stepdefinitions.POST_a_new_userSteps.userSendPOSTHTTPRequestForNewUser()&amp#27;[0m
      &amp#27;[31morg.json.JSONException: A JSON Object can not directly nest another JSON Object or JSON Array. at 136 [character 137 line 1]
	at org.json.JSONTokener.syntaxError(JSONTokener.java:501)
	at org.json.JSONObject.<init>(JSONObject.java:221)
	at org.json.JSONTokener.nextValue(JSONTokener.java:418)
	at org.json.JSONObject.<init>(JSONObject.java:245)
	at org.json.JSONObject.<init>(JSONObject.java:404)
	at starter.User.POST_a_new_user.sendPOSTHTTPRequestForNewUser(POST_a_new_user.java:36)
	at starter.User.POST_a_new_user$ByteBuddy$59dGEEFp.sendPOSTHTTPRequestForNewUser$accessor$Pl4AKNYP(Unknown Source)
	at sun.reflect.NativeMethodAccessorImpl.invoke0(Native Method)
	at sun.reflect.NativeMethodAccessorImpl.invoke(NativeMethodAccessorImpl.java:62)
	at sun.reflect.DelegatingMethodAccessorImpl.invoke(DelegatingMethodAccessorImpl.java:43)
	at java.lang.reflect.Method.invoke(Method.java:498)
	at net.thucydides.core.steps.StepInterceptor.invokeMethod(StepInterceptor.java:503)
	at net.thucydides.core.steps.StepInterceptor.executeTestStepMethod(StepInterceptor.java:483)
	at net.thucydides.core.steps.StepInterceptor.runTestStep(StepInterceptor.java:457)
	at net.thucydides.core.steps.StepInterceptor.runOrSkipMethod(StepInterceptor.java:209)
	at net.thucydides.core.steps.StepInterceptor.testStepResult(StepInterceptor.java:196)
	at net.thucydides.core.steps.StepInterceptor.intercept(StepInterceptor.java:84)
	at net.thucydides.core.steps.ProxyConfiguration$InterceptorDispatcher.intercept(ProxyConfiguration.java:51)
	at starter.User.POST_a_new_user$ByteBuddy$59dGEEFp.sendPOSTHTTPRequestForNewUser(Unknown Source)
	at starter.stepdefinitions.POST_a_new_userSteps.userSendPOSTHTTPRequestForNewUser(POST_a_new_userSteps.java:20)
	at âœ½.user send POST HTTP request for new user(file:///C:/Users/asus/IdeaProjects/coba-lagi/src/test/resources/api/POST_a_new_user.feature:21)
&amp#27;[0m
  &amp#27;[36mThen &amp#27;[0m&amp#27;[36muser received HTTP response code &amp#27;[0m&amp#27;[36m&amp#27;[1m200&amp#27;[0m&amp#27;[36m for new user&amp#27;[0m &amp#27;[90m# starter.stepdefinitions.POST_a_new_userSteps.userReceivedHTTPResponseCodeForNewUser(int)&amp#27;[0m
  &amp#27;[36mAnd &amp#27;[0m&amp#27;[36muser received valid data for new user&amp#27;[0m              &amp#27;[90m# starter.stepdefinitions.POST_a_new_userSteps.userReceivedValidDataForNewUser()&amp#27;[0m
20:36:32.176 [main] ERROR  - 
  _____   ___   ___   _____     ___   ___   ___    ___    ___ 
 |_   _| | __| / __| |_   _|   | __| | _ \ | _ \  / _ \  | _ \
   | |   | _|  \__ \   | |     | _|  |   / |   / | (_) | |   /
   |_|   |___| |___/   |_|     |___| |_|_\ |_|_\  \___/  |_|_\

POST - as a user i want to add new user
---------------------------------------------------------------
20:36:32.176 [main] DEBUG  - RELATED ISSUES: 
20:36:32.177 [main] ERROR  -     Test failed at step: user send POST HTTP request for new user
20:36:32.177 [main] ERROR  -     A JSON Object can not directly nest another JSON Object or JSON Array. at 136 [character 137 line 1]
]]></system-out>
  </testcase>
</testsuite>